<?xml version="1.0" encoding="UTF-8"?>
<robot generator="Robot 6.0 (Python 3.10.8 on win32)" generated="20221204 10:11:01.254" rpa="false" schemaversion="3">
<suite id="s1" name="Frontend Test" source="D:\WE669\calculator\fontend\frontend_test.robot">
<test id="s1-t1" name="TC01 ทดสอบการเข้าสู่ระบบ แบบถูกต้อง" line="18">
<kw name="เปิด browser ด้วย chrome">
<kw name="Open Browser" library="SeleniumLibrary">
<arg>http://localhost:1150/</arg>
<arg>chrome</arg>
<doc>Opens a new browser instance to the optional ``url``.</doc>
<msg timestamp="20221204 10:11:01.507" level="INFO">Opening browser 'chrome' to base url 'http://localhost:1150/'.</msg>
<status status="PASS" starttime="20221204 10:11:01.506" endtime="20221204 10:11:04.736"/>
</kw>
<kw name="Maximize Browser Window" library="SeleniumLibrary">
<doc>Maximizes current browser window.</doc>
<status status="PASS" starttime="20221204 10:11:04.736" endtime="20221204 10:11:04.853"/>
</kw>
<status status="PASS" starttime="20221204 10:11:01.506" endtime="20221204 10:11:04.853"/>
</kw>
<kw name="Input Text" library="SeleniumLibrary">
<arg>user_form</arg>
<arg>student</arg>
<doc>Types the given ``text`` into the text field identified by ``locator``.</doc>
<msg timestamp="20221204 10:11:04.855" level="INFO">Typing text 'student' into text field 'user_form'.</msg>
<msg timestamp="20221204 10:11:05.022" level="INFO" html="true">&lt;/td&gt;&lt;/tr&gt;&lt;tr&gt;&lt;td colspan="3"&gt;&lt;a href="selenium-screenshot-3.png"&gt;&lt;img src="selenium-screenshot-3.png" width="800px"&gt;&lt;/a&gt;</msg>
<msg timestamp="20221204 10:11:05.023" level="FAIL">Element with locator 'user_form' not found.</msg>
<status status="FAIL" starttime="20221204 10:11:04.854" endtime="20221204 10:11:05.025"/>
</kw>
<kw name="Input Text" library="SeleniumLibrary">
<arg>password_form</arg>
<arg>we669</arg>
<doc>Types the given ``text`` into the text field identified by ``locator``.</doc>
<status status="NOT RUN" starttime="20221204 10:11:05.025" endtime="20221204 10:11:05.026"/>
</kw>
<kw name="Click Button" library="SeleniumLibrary">
<arg>id=submitlogin</arg>
<doc>Clicks the button identified by ``locator``.</doc>
<status status="NOT RUN" starttime="20221204 10:11:05.026" endtime="20221204 10:11:05.026"/>
</kw>
<kw name="Wait Until Page Contains" library="SeleniumLibrary">
<arg>รหัสสินค้า</arg>
<doc>Waits until ``text`` appears on the current page.</doc>
<status status="NOT RUN" starttime="20221204 10:11:05.026" endtime="20221204 10:11:05.026"/>
</kw>
<kw name="Close Browser" library="SeleniumLibrary" type="TEARDOWN">
<doc>Closes the current browser.</doc>
<status status="PASS" starttime="20221204 10:11:05.027" endtime="20221204 10:11:07.162"/>
</kw>
<status status="FAIL" starttime="20221204 10:11:01.504" endtime="20221204 10:11:07.164">Element with locator 'user_form' not found.</status>
</test>
<status status="FAIL" starttime="20221204 10:11:01.256" endtime="20221204 10:11:07.168"/>
</suite>
<statistics>
<total>
<stat pass="0" fail="1" skip="0">All Tests</stat>
</total>
<tag>
</tag>
<suite>
<stat pass="0" fail="1" skip="0" id="s1" name="Frontend Test">Frontend Test</stat>
</suite>
</statistics>
<errors>
</errors>
</robot>
