<?xml version="1.0" encoding="UTF-8"?>
<robot generator="Robot 6.0 (Python 3.10.8 on win32)" generated="20221030 10:35:12.887" rpa="false" schemaversion="3">
<suite id="s1" name="Search Google" source="D:\WE669\calculator\robotframwork\search_google\search_google.robot">
<test id="s1-t1" name="SC01_TC01_Search case" line="24">
<kw name="เปิดเว็บ google.com ด้วย chrome">
<kw name="Open Browser" library="SeleniumLibrary">
<arg>${URL}</arg>
<arg>chrome</arg>
<doc>Opens a new browser instance to the optional ``url``.</doc>
<msg timestamp="20221030 10:35:13.115" level="INFO">Opening browser 'chrome' to base url 'https://google.com'.</msg>
<status status="PASS" starttime="20221030 10:35:13.115" endtime="20221030 10:35:18.333"/>
</kw>
<status status="PASS" starttime="20221030 10:35:13.114" endtime="20221030 10:35:18.334"/>
</kw>
<kw name="ค้นหาคําว่า">
<arg>Tester จบใหม่ เงินเดือน</arg>
<kw name="Input Text" library="SeleniumLibrary">
<arg>name=q</arg>
<arg>${keyword}</arg>
<doc>Types the given ``text`` into the text field identified by ``locator``.</doc>
<msg timestamp="20221030 10:35:18.335" level="INFO">Typing text 'Tester จบใหม่ เงินเดือน' into text field 'name=q'.</msg>
<status status="PASS" starttime="20221030 10:35:18.334" endtime="20221030 10:35:18.475"/>
</kw>
<kw name="Capture Page Screenshot" library="SeleniumLibrary">
<doc>Takes a screenshot of the current page and embeds it into a log file.</doc>
<msg timestamp="20221030 10:35:18.713" level="INFO" html="true">&lt;/td&gt;&lt;/tr&gt;&lt;tr&gt;&lt;td colspan="3"&gt;&lt;a href="selenium-screenshot-3.png"&gt;&lt;img src="selenium-screenshot-3.png" width="800px"&gt;&lt;/a&gt;</msg>
<status status="PASS" starttime="20221030 10:35:18.476" endtime="20221030 10:35:18.713"/>
</kw>
<kw name="Submit Form" library="SeleniumLibrary">
<doc>Submits a form identified by ``locator``.</doc>
<msg timestamp="20221030 10:35:18.713" level="INFO">Submitting form 'None'.</msg>
<status status="PASS" starttime="20221030 10:35:18.713" endtime="20221030 10:35:21.103"/>
</kw>
<kw name="Capture Page Screenshot" library="SeleniumLibrary">
<doc>Takes a screenshot of the current page and embeds it into a log file.</doc>
<msg timestamp="20221030 10:35:21.214" level="INFO" html="true">&lt;/td&gt;&lt;/tr&gt;&lt;tr&gt;&lt;td colspan="3"&gt;&lt;a href="selenium-screenshot-4.png"&gt;&lt;img src="selenium-screenshot-4.png" width="800px"&gt;&lt;/a&gt;</msg>
<status status="PASS" starttime="20221030 10:35:21.104" endtime="20221030 10:35:21.214"/>
</kw>
<status status="PASS" starttime="20221030 10:35:18.334" endtime="20221030 10:35:21.214"/>
</kw>
<kw name="รอผลลัพธ์">
<kw name="Wait Until Page Contains" library="SeleniumLibrary">
<arg>${expected_result}</arg>
<doc>Waits until ``text`` appears on the current page.</doc>
<status status="PASS" starttime="20221030 10:35:21.214" endtime="20221030 10:35:21.247"/>
</kw>
<status status="PASS" starttime="20221030 10:35:21.214" endtime="20221030 10:35:21.248"/>
</kw>
<kw name="Close Browser" library="SeleniumLibrary" type="TEARDOWN">
<doc>Closes the current browser.</doc>
<status status="PASS" starttime="20221030 10:35:21.248" endtime="20221030 10:35:23.398"/>
</kw>
<status status="PASS" starttime="20221030 10:35:13.114" endtime="20221030 10:35:23.400"/>
</test>
<status status="PASS" starttime="20221030 10:35:12.887" endtime="20221030 10:35:23.404"/>
</suite>
<statistics>
<total>
<stat pass="1" fail="0" skip="0">All Tests</stat>
</total>
<tag>
</tag>
<suite>
<stat pass="1" fail="0" skip="0" id="s1" name="Search Google">Search Google</stat>
</suite>
</statistics>
<errors>
</errors>
</robot>
