<?xml version="1.0" encoding="UTF-8"?>
<robot generator="Robot 6.0 (Python 3.10.8 on win32)" generated="20221030 15:35:28.408" rpa="false" schemaversion="3">
<suite id="s1" name="Backend" source="D:\WE669\calculator\backend\backend.robot">
<test id="s1-t1" name="TC01 POST with valid params to create Product, บันทึกข้อมูลสินค้า(ในการทดสอบจะดาวน์โหลดผล test เป็น json ไฟล์ไว้)" line="10">
<kw name="POST" library="REST">
<arg>/create.php</arg>
<arg>${json}</arg>
<tag>http</tag>
<doc>*Sends a POST request to the endpoint.*</doc>
<status status="PASS" starttime="20221030 15:35:28.808" endtime="20221030 15:35:28.885"/>
</kw>
<kw name="Integer" library="REST">
<arg>response status</arg>
<arg>200</arg>
<tag>assertions</tag>
<doc>*Asserts the field as JSON integer.*</doc>
<status status="PASS" starttime="20221030 15:35:28.886" endtime="20221030 15:35:28.888"/>
</kw>
<kw name="Output" library="REST" type="TEARDOWN">
<arg>response body</arg>
<arg>${OUTPUTDIR}/responseCreate.json</arg>
<tag>I/O</tag>
<doc>*Outputs JSON to terminal or a file.*</doc>
<msg timestamp="20221030 15:35:28.889" level="INFO">
{
    "status": "Success",
    "message": "Added Successfully product_id : sDj2HpLt7XZClmkNrSwo"
}</msg>
<status status="PASS" starttime="20221030 15:35:28.889" endtime="20221030 15:35:28.899"/>
</kw>
<status status="PASS" starttime="20221030 15:35:28.806" endtime="20221030 15:35:28.899"/>
</test>
<test id="s1-t2" name="TC02 POST with valid params to update Product, แก้ไขข้อมูลสินค้า(ในการทดสอบจะดาวน์โหลดผล test เป็น json ไฟล์ไว้)" line="15">
<kw name="POST" library="REST">
<arg>/update.php?id=snmEDdVQ0cpILkgjuhFR</arg>
<arg>${jsonUpdate}</arg>
<tag>http</tag>
<doc>*Sends a POST request to the endpoint.*</doc>
<status status="PASS" starttime="20221030 15:35:28.903" endtime="20221030 15:35:28.974"/>
</kw>
<kw name="Integer" library="REST">
<arg>response status</arg>
<arg>200</arg>
<tag>assertions</tag>
<doc>*Asserts the field as JSON integer.*</doc>
<status status="PASS" starttime="20221030 15:35:28.974" endtime="20221030 15:35:28.979"/>
</kw>
<kw name="Output" library="REST" type="TEARDOWN">
<arg>response body</arg>
<arg>${OUTPUTDIR}/responseUpdate.json</arg>
<tag>I/O</tag>
<doc>*Outputs JSON to terminal or a file.*</doc>
<msg timestamp="20221030 15:35:28.980" level="INFO">
{
    "status": "Success",
    "message": "Update Successfully"
}</msg>
<status status="PASS" starttime="20221030 15:35:28.979" endtime="20221030 15:35:28.982"/>
</kw>
<status status="PASS" starttime="20221030 15:35:28.900" endtime="20221030 15:35:28.983"/>
</test>
<test id="s1-t3" name="TC03 GET existing log ,สินค้าแยกตามรหัส" line="20">
<kw name="GET" library="REST">
<arg>/getById.php?id=snmEDdVQ0cpILkgjuhFR</arg>
<tag>http</tag>
<doc>*Sends a GET request to the endpoint.*</doc>
<status status="PASS" starttime="20221030 15:35:28.987" endtime="20221030 15:35:29.007"/>
</kw>
<kw name="String" library="REST">
<arg>$.product_id</arg>
<arg>snmEDdVQ0cpILkgjuhFR</arg>
<tag>assertions</tag>
<doc>*Asserts the field as JSON string.*</doc>
<status status="PASS" starttime="20221030 15:35:29.008" endtime="20221030 15:35:29.050"/>
</kw>
<kw name="String" library="REST">
<arg>$.product_name</arg>
<arg>Robot 3 Test</arg>
<tag>assertions</tag>
<doc>*Asserts the field as JSON string.*</doc>
<status status="PASS" starttime="20221030 15:35:29.051" endtime="20221030 15:35:29.076"/>
</kw>
<kw name="Output" library="REST" type="TEARDOWN">
<arg>response body</arg>
<arg>${OUTPUTDIR}/responseById.json</arg>
<tag>I/O</tag>
<doc>*Outputs JSON to terminal or a file.*</doc>
<msg timestamp="20221030 15:35:29.077" level="INFO">
{
    "product_id": "snmEDdVQ0cpILkgjuhFR",
    "product_name": "Robot 3 Test",
    "product_price": "555",
    "product_crtdate": "2022-10-30 14:15:38",
    "product_update": "2022-10-30 15:35:27"
}</msg>
<status status="PASS" starttime="20221030 15:35:29.077" endtime="20221030 15:35:29.079"/>
</kw>
<status status="PASS" starttime="20221030 15:35:28.984" endtime="20221030 15:35:29.079"/>
</test>
<test id="s1-t4" name="TC04 GET existing log ,สินค้าทั้งหมด" line="26">
<kw name="GET" library="REST">
<arg>/getData.php</arg>
<tag>http</tag>
<doc>*Sends a GET request to the endpoint.*</doc>
<status status="PASS" starttime="20221030 15:35:29.082" endtime="20221030 15:35:29.104"/>
</kw>
<kw name="Integer" library="REST">
<arg>response status</arg>
<arg>200</arg>
<tag>assertions</tag>
<doc>*Asserts the field as JSON integer.*</doc>
<status status="PASS" starttime="20221030 15:35:29.105" endtime="20221030 15:35:29.106"/>
</kw>
<kw name="String" library="REST">
<arg>$[0].product_name</arg>
<arg>Robot's Create Ja</arg>
<tag>assertions</tag>
<doc>*Asserts the field as JSON string.*</doc>
<status status="PASS" starttime="20221030 15:35:29.107" endtime="20221030 15:35:29.133"/>
</kw>
<kw name="Output" library="REST" type="TEARDOWN">
<arg>response body</arg>
<arg>${OUTPUTDIR}/responseAllData.json</arg>
<tag>I/O</tag>
<doc>*Outputs JSON to terminal or a file.*</doc>
<msg timestamp="20221030 15:35:29.135" level="INFO">
[
    {
        "product_id": "sDj2HpLt7XZClmkNrSwo",
        "product_name": "Robot's Create Ja",
        "product_price": "555",
        "product_crtdate": "2022-10-30 15:35:27",
        "product_update": "2022-10-30 15:35:27"
    },
    {
        "product_id": "NmRF4bYMepjCWQnKrxqk",
        "product_name": "Robot's Jame.",
        "product_price": "555",
        "product_crtdate": "2022-10-30 15:34:35",
        "product_update": "2022-10-30 15:34:35"
    },
    {
        "product_id": "SkFD5bfhB9raxlW2KPG3",
        "product_name": "Robot's Create Ja",
        "product_price": "555",
        "product_crtdate": "2022-10-30 15:33:33",
        "product_update": "2022-10-30 15:33:33"
    },
    {
        "product_id": "ty7azbWwOZANhuTPSiHV",
        "product_name": "Robot's Demo.",
        "product_price": "4005",
        "product_crtdate": "2022-10-30 15:27:13",
        "product_update": "2022-10-30 15:27:13"
    },
    {
        "product_id": "LqJ5QrlNSWhUtacIv3Y2",
        "product_name": "Robot's Demo.",
        "product_price": "4005",
        "product_crtdate": "2022-10-30 15:25:55",
        "product_update": "2022-10-30 15:25:55"
    },
    {
        "product_id": "y2MxBqJ03gvtPfoNrmnC",
        "product_name": "Robot's Demo.",
        "product_price": "4005",
        "product_crtdate": "2022-10-30 15:24:35",
        "product_update": "2022-10-30 15:24:35"
    },
    {
        "product_id": "IeT6bklKJAZ10NRFi4YL",
        "product_name": "Robot's Demo.",
        "product_price": "4005",
        "product_crtdate": "2022-10-30 15:24:19",
        "product_update": "2022-10-30 15:24:19"
    },
    {
        "product_id": "LTeYWXfKmQ3HVn0w2GSy",
        "product_name": "Robot's Demo.",
        "product_price": "4005",
        "product_crtdate": "2022-10-30 15:23:04",
        "product_update": "2022-10-30 15:23:04"
    },
    {
        "product_id": "o4stDR3Fe67GgdVElvUc",
        "product_name": "Robot's Demo.",
        "product_price": "4005",
        "product_crtdate": "2022-10-30 15:19:55",
        "product_update": "2022-10-30 15:19:55"
    },
    {
        "product_id": "6YDEPQitq1kFosfBynuZ",
        "product_name": "Robot's Create Ja",
        "product_price": "555",
        "product_crtdate": "2022-10-30 15:18:45",
        "product_update": "2022-10-30 15:18:45"
    },
    {
        "product_id": "1aA9Ih5EicK4luWSGxY8",
        "product_name": "Robot's Demo.",
        "product_price": "4005",
        "product_crtdate": "2022-10-30 15:17:13",
        "product_update": "2022-10-30 15:17:13"
    },
    {
        "product_id": "B5vMWV34s1twLZ29mrYK",
        "product_name": "Robot's Create Ja",
        "product_price": "555",
        "product_crtdate": "2022-10-30 15:17:11",
        "product_update": "2022-10-30 15:17:11"
    },
    {
        "product_id": "7FDNJ1WTw2HcLnOIMimu",
        "product_name": "Robot's Create Ja",
        "product_price": "555",
        "product_crtdate": "2022-10-30 15:16:15",
        "product_update": "2022-10-30 15:16:15"
    },
    {
        "product_id": "JrvC03SygMw8aYG7qpzP",
        "product_name": "Robot Product-ใหม่",
        "product_price": "40500",
        "product_crtdate": "2022-10-30 15:16:07",
        "product_update": "2022-10-30 15:16:07"
    },
    {
        "product_id": "NI9p2MEBlifY5DOqT4JP",
        "product_name": "Robot Product-ใหม่",
        "product_price": "40500",
        "product_crtdate": "2022-10-30 15:15:24",
        "product_update": "2022-10-30 15:15:24"
    },
    {
        "product_id": "RQ7Guk9PDCHIfvAwNj3Z",
        "product_name": "Robot Product-ใหม่",
        "product_price": "40500",
        "product_crtdate": "2022-10-30 15:14:38",
        "product_update": "2022-10-30 15:14:38"
    },
    {
        "product_id": "bGEsPK9y6B8u4QptNagC",
        "product_name": "Robot's Demo.",
        "product_price": "4005",
        "product_crtdate": "2022-10-30 15:10:09",
        "product_update": "2022-10-30 15:10:09"
    },
    {
        "product_id": "efJ71blj5suha9PQx8dD",
        "product_name": "Robot Product-ใหม่",
        "product_price": "40500",
        "product_crtdate": "2022-10-30 15:04:58",
        "product_update": "2022-10-30 15:04:58"
    },
    {
        "product_id": "LB4YMFsVurm5d7RAOnQt",
        "product_name": "Robot Product-ใหม่",
        "product_price": "40500",
        "product_crtdate": "2022-10-30 15:04:26",
        "product_update": "2022-10-30 15:04:26"
    },
    {
        "product_id": "qIc4ALi5ao2b3lOEVXk7",
        "product_name": "Robot Product-ใหม่",
        "product_price": "40500",
        "product_crtdate": "2022-10-30 15:03:42",
        "product_update": "2022-10-30 15:03:42"
    },
    {
        "product_id": "qGSnlv4dPtCoh2Vs0yFa",
        "product_name": "Robot's Demo New.",
        "product_price": "4007",
        "product_crtdate": "2022-10-30 14:59:08",
        "product_update": "2022-10-30 14:59:08"
    },
    {
        "product_id": "QF7lUcj3tz5JWyga9bMv",
        "product_name": "GG :กาญ",
        "product_price": "40500",
        "product_crtdate": "2022-10-30 14:58:48",
        "product_update": "2022-10-30 15:03:42"
    },
    {
        "product_id": "ZAzEre2VDf5pKYO06TMw",
        "product_name": "Robot's Demo New.",
        "product_price": "4007",
        "product_crtdate": "2022-10-30 14:58:33",
        "product_update": "2022-10-30 14:58:33"
    },
    {
        "product_id": "BM8rN0SzXbGti7n64LRw",
        "product_name": "Robot Product-ใหม่",
        "product_price": "40500",
        "product_crtdate": "2022-10-30 14:58:19",
        "product_update": "2022-10-30 14:58:19"
    },
    {
        "product_id": "0H83YzEyn5TFs1WqtvDL",
        "product_name": "Robot's Create Ja",
        "product_price": "555",
        "product_crtdate": "2022-10-30 14:58:03",
        "product_update": "2022-10-30 14:58:03"
    },
    {
        "product_id": "FNsr9oXiYzvhKCE451Du",
        "product_name": "Robot Product-พึ่งเพิ่มนะ",
        "product_price": "4500",
        "product_crtdate": "2022-10-30 14:57:07",
        "product_update": "2022-10-30 14:57:07"
    },
    {
        "product_id": "UIW5Fd2k4x0s1HDCSXtj",
        "product_name": "Robot's Create Ja",
        "product_price": "555",
        "product_crtdate": "2022-10-30 14:56:22",
        "product_update": "2022-10-30 14:56:22"
    },
    {
        "product_id": "0Qq8F9n6dgXPAWIzyr5i",
        "product_name": "Robot's Create Ja",
        "product_price": "555",
        "product_crtdate": "2022-10-30 14:54:29",
        "product_update": "2022-10-30 14:54:29"
    },
    {
        "product_id": "2z0ID974SBVRhFrTxvA8",
        "product_name": "Robot Product-ใหม่",
        "product_price": "40500",
        "product_crtdate": "2022-10-30 14:53:43",
        "product_update": "2022-10-30 14:53:43"
    },
    {
        "product_id": "8wPMUREX0vdDOaNo1cYj",
        "product_name": "Robot Product-พึ่งเพิ่มนะ",
        "product_price": "4500",
        "product_crtdate": "2022-10-30 14:52:53",
        "product_update": "2022-10-30 14:52:53"
    },
    {
        "product_id": "HQ6RJAtqpWiwKoe5m3Zb",
        "product_name": "Robot Product-ใหม่",
        "product_price": "40500",
        "product_crtdate": "2022-10-30 14:52:50",
        "product_update": "2022-10-30 14:52:50"
    },
    {
        "product_id": "YFHm3N9QJpzKuygtGDni",
        "product_name": "Robot Product-พึ่งเพิ่มนะ",
        "product_price": "4500",
        "product_crtdate": "2022-10-30 14:52:01",
        "product_update": "2022-10-30 14:52:01"
    },
    {
        "product_id": "6DJbylK1F3ZPpNH8j2TU",
        "product_name": "Robot Product-พึ่งเพิ่มนะ",
        "product_price": "4500",
        "product_crtdate": "2022-10-30 14:51:41",
        "product_update": "2022-10-30 14:51:41"
    },
    {
        "product_id": "D4RG8cJukIAOgNqxa96Z",
        "product_name": "Robot's Create Ja",
        "product_price": "555",
        "product_crtdate": "2022-10-30 14:49:35",
        "product_update": "2022-10-30 14:49:35"
    },
    {
        "product_id": "NrzTljqs27QXGy8eFOuD",
        "product_name": "Robot Product-พึ่งเพิ่มนะ",
        "product_price": "4500",
        "product_crtdate": "2022-10-30 14:48:36",
        "product_update": "2022-10-30 14:48:36"
    },
    {
        "product_id": "uBep8UASklhT1CQ0LGyE",
        "product_name": "Robot Product-ใหม่",
        "product_price": "40500",
        "product_crtdate": "2022-10-30 14:48:21",
        "product_update": "2022-10-30 14:48:21"
    },
    {
        "product_id": "mfKDqg93eXz75UEw8x0r",
        "product_name": "Robot Product-พึ่งเพิ่มนะ",
        "product_price": "4500",
        "product_crtdate": "2022-10-30 14:48:00",
        "product_update": "2022-10-30 14:48:00"
    },
    {
        "product_id": "dWHOFPbJBiVTKXtZGlCY",
        "product_name": "Robot Product-ใหม่",
        "product_price": "40500",
        "product_crtdate": "2022-10-30 14:47:41",
        "product_update": "2022-10-30 14:47:41"
    },
    {
        "product_id": "9NoEt2GuFjIa8AeK4L7P",
        "product_name": "Robot Product-พึ่งเพิ่มนะ",
        "product_price": "4500",
        "product_crtdate": "2022-10-30 14:47:39",
        "product_update": "2022-10-30 14:47:39"
    },
    {
        "product_id": "3YhmNPDQFdMyJSruCf0O",
        "product_name": "Robot Product-ใหม่",
        "product_price": "40500",
        "product_crtdate": "2022-10-30 14:47:13",
        "product_update": "2022-10-30 14:47:13"
    },
    {
        "product_id": "oVbQP03fgWBtlCudXnaD",
        "product_name": "Robot's Create Ja",
        "product_price": "555",
        "product_crtdate": "2022-10-30 14:46:22",
        "product_update": "2022-10-30 14:46:22"
    },
    {
        "product_id": "FUIJT5baBDYj8Q1emX7G",
        "product_name": "Robot's Create Ja",
        "product_price": "555",
        "product_crtdate": "2022-10-30 14:46:12",
        "product_update": "2022-10-30 14:46:12"
    },
    {
        "product_id": "fN1Ciqa06h4v87OMHnel",
        "product_name": "Robot Product-พึ่งเพิ่มนะ",
        "product_price": "4500",
        "product_crtdate": "2022-10-30 14:44:33",
        "product_update": "2022-10-30 14:44:33"
    },
    {
        "product_id": "nFoOEa3H6kqB71iAGgMT",
        "product_name": "Robot's Demo New.",
        "product_price": "4005",
        "product_crtdate": "2022-10-30 14:42:08",
        "product_update": "2022-10-30 14:42:08"
    },
    {
        "product_id": "vBSenTcZy2st0kmYEVph",
        "product_name": "Robot's Demo New.",
        "product_price": "4005",
        "product_crtdate": "2022-10-30 14:38:31",
        "product_update": "2022-10-30 14:38:31"
    },
    {
        "product_id": "q3vNKATBYglrWxb1eFOu",
        "product_name": "Robot's Demo New.",
        "product_price": "4005",
        "product_crtdate": "2022-10-30 14:37:10",
        "product_update": "2022-10-30 14:37:10"
    },
    {
        "product_id": "0yzNl6gvrHj5othQMY4i",
        "product_name": "Robot's Demo New.",
        "product_price": "4005",
        "product_crtdate": "2022-10-30 14:34:46",
        "product_update": "2022-10-30 14:34:46"
    },
    {
        "product_id": "BiJWjuhtnFTA01VgaIk8",
        "product_name": "Robot's Demo.",
        "product_price": "4005",
        "product_crtdate": "2022-10-30 14:34:04",
        "product_update": "2022-10-30 14:34:04"
    },
    {
        "product_id": "Z8qrLi6pxzH24OjVmano",
        "product_name": "Robot's Demo.",
        "product_price": "4005",
        "product_crtdate": "2022-10-30 14:33:02",
        "product_update": "2022-10-30 14:33:02"
    },
    {
        "product_id": "rMg5BAmfXpijdQEw4ksl",
        "product_name": "Robot's Demo.",
        "product_price": "4005",
        "product_crtdate": "2022-10-30 14:31:48",
        "product_update": "2022-10-30 14:31:48"
    },
    {
        "product_id": "F78Z6PAVOj20KpfMWBzo",
        "product_name": "Robot's Demo.",
        "product_price": "4005",
        "product_crtdate": "2022-10-30 14:31:05",
        "product_update": "2022-10-30 14:31:05"
    },
    {
        "product_id": "HR4umQxYhE3ScaCXvnLA",
        "product_name": "Robot's Demo.",
        "product_price": "5505",
        "product_crtdate": "2022-10-30 14:30:51",
        "product_update": "2022-10-30 14:30:51"
    },
    {
        "product_id": "N78Ak9ai1pHSnqFmYbGh",
        "product_name": "Robot's Demo.",
        "product_price": "5505",
        "product_crtdate": "2022-10-30 14:30:17",
        "product_update": "2022-10-30 14:30:17"
    },
    {
        "product_id": "bN58UL7MFZvOKArf13HC",
        "product_name": "Robot's Demo.",
        "product_price": "5505",
        "product_crtdate": "2022-10-30 14:29:25",
        "product_update": "2022-10-30 14:29:25"
    },
    {
        "product_id": "aYVD1U8QkHNzeu3drslb",
        "product_name": "Robot's Demo.",
        "product_price": "5505",
        "product_crtdate": "2022-10-30 14:28:16",
        "product_update": "2022-10-30 14:28:16"
    },
    {
        "product_id": "vRMsdm96EOHbn0gX1Clj",
        "product_name": "Robot's Demo.",
        "product_price": "5505",
        "product_crtdate": "2022-10-30 14:27:23",
        "product_update": "2022-10-30 14:27:23"
    },
    {
        "product_id": "yruDwA9mjn631GapWMiZ",
        "product_name": "Robot's Demo.",
        "product_price": "5505",
        "product_crtdate": "2022-10-30 14:27:07",
        "product_update": "2022-10-30 14:27:07"
    },
    {
        "product_id": "JBGtf9H5pVeIwrOicMo7",
        "product_name": "Robot's Demo.",
        "product_price": "5505",
        "product_crtdate": "2022-10-30 14:25:47",
        "product_update": "2022-10-30 14:25:47"
    },
    {
        "product_id": "9pMKPhSZdcb4TVonaWrL",
        "product_name": "Robot's Demo.",
        "product_price": "5505",
        "product_crtdate": "2022-10-30 14:25:26",
        "product_update": "2022-10-30 14:25:26"
    },
    {
        "product_id": "6WUpdjFS2uNsrJQGwbZn",
        "product_name": "Robot Product-ใหม่",
        "product_price": "40500",
        "product_crtdate": "2022-10-30 14:24:33",
        "product_update": "2022-10-30 14:24:33"
    },
    {
        "product_id": "4l2bA7zHZa0DwKI1gm5u",
        "product_name": "Robot's Demo.",
        "product_price": "5505",
        "product_crtdate": "2022-10-30 14:24:29",
        "product_update": "2022-10-30 14:24:29"
    },
    {
        "product_id": "GpQi49jFoLTwvcgPVMEr",
        "product_name": "Robot Product-ใหม่",
        "product_price": "40500",
        "product_crtdate": "2022-10-30 14:23:24",
        "product_update": "2022-10-30 14:23:24"
    },
    {
        "product_id": "ECh3eRITYjtf4GNdbiKw",
        "product_name": "Robot's Create Ja",
        "product_price": "555",
        "product_crtdate": "2022-10-30 14:23:08",
        "product_update": "2022-10-30 14:23:08"
    },
    {
        "product_id": "KftNVpMRFWuIsDOxbayE",
        "product_name": "Robot Product-ใหม่",
        "product_price": "40500",
        "product_crtdate": "2022-10-30 14:22:57",
        "product_update": "2022-10-30 14:22:57"
    },
    {
        "product_id": "lQJrtjRGe8FnsqC7mE56",
        "product_name": "Robot Product-พึ่งเพิ่มนะ",
        "product_price": "4500",
        "product_crtdate": "2022-10-30 14:22:28",
        "product_update": "2022-10-30 14:22:28"
    },
    {
        "product_id": "JaEF725rWNtZAuO18MmI",
        "product_name": "Robot Product-พึ่งเพิ่มนะ",
        "product_price": "4500",
        "product_crtdate": "2022-10-30 14:21:44",
        "product_update": "2022-10-30 14:21:44"
    },
    {
        "product_id": "4u1qmQ68LSwizEJghlUZ",
        "product_name": "Robot's Demo.",
        "product_price": "5505",
        "product_crtdate": "2022-10-30 14:21:39",
        "product_update": "2022-10-30 14:21:39"
    },
    {
        "product_id": "1sQm4UdKDG2ncvH0MOqV",
        "product_name": "Robot's Demo.",
        "product_price": "5505",
        "product_crtdate": "2022-10-30 14:21:03",
        "product_update": "2022-10-30 14:21:03"
    },
    {
        "product_id": "olqRa1tCkxvpUP0KdEYm",
        "product_name": "Robot's Ja Create",
        "product_price": "555",
        "product_crtdate": "2022-10-30 14:20:36",
        "product_update": "2022-10-30 14:20:36"
    },
    {
        "product_id": "j8FCsZOqBN6TmfHAvQzx",
        "product_name": "Robot's Demo.",
        "product_price": "5505",
        "product_crtdate": "2022-10-30 14:19:18",
        "product_update": "2022-10-30 14:19:18"
    },
    {
        "product_id": "r7TSvfWI8DYGsR26zbcO",
        "product_name": "Robot's Demo.",
        "product_price": "5505",
        "product_crtdate": "2022-10-30 14:18:51",
        "product_update": "2022-10-30 14:18:51"
    },
    {
        "product_id": "Do8xngWbiHBTj5OLXF3h",
        "product_name": "Robot's Demo.",
        "product_price": "5505",
        "product_crtdate": "2022-10-30 14:17:50",
        "product_update": "2022-10-30 14:17:50"
    },
    {
        "product_id": "eWLkPstTpNDgGi042clI",
        "product_name": "Robot's Demo.",
        "product_price": "5505",
        "product_crtdate": "2022-10-30 14:16:47",
        "product_update": "2022-10-30 14:16:47"
    },
    {
        "product_id": "X6vslMjcBb82iwqJdxTE",
        "product_name": "Robot's Demo.",
        "product_price": "5505",
        "product_crtdate": "2022-10-30 14:15:48",
        "product_update": "2022-10-30 14:15:48"
    },
    {
        "product_id": "snmEDdVQ0cpILkgjuhFR",
        "product_name": "Robot 3 Test",
        "product_price": "555",
        "product_crtdate": "2022-10-30 14:15:38",
        "product_update": "2022-10-30 15:35:27"
    },
    {
        "product_id": "SetuXkOf8wGInjP52a6p",
        "product_name": "Robot's Demo001.",
        "product_price": "5005",
        "product_crtdate": "2022-10-30 14:15:28",
        "product_update": "2022-10-30 14:15:28"
    },
    {
        "product_id": "kEFtmDz8YusxL73VXSO4",
        "product_name": "Robot Product-พึ่งเพิ่มนะ",
        "product_price": "4500",
        "product_crtdate": "2022-10-30 14:15:23",
        "product_update": "2022-10-30 14:15:23"
    },
    {
        "product_id": "uY1cd4BZo8rtQ6kvNIHW",
        "product_name": "Robot's Demo001.",
        "product_price": "5005",
        "product_crtdate": "2022-10-30 14:15:12",
        "product_update": "2022-10-30 14:15:12"
    },
    {
        "product_id": "HZdFMOy2vEiW1kuLClj6",
        "product_name": "Robot's Demo001.",
        "product_price": "5005",
        "product_crtdate": "2022-10-30 14:14:53",
        "product_update": "2022-10-30 14:14:53"
    },
    {
        "product_id": "NuH5fmK70anByxwUsZGD",
        "product_name": "Robot's Demo01.",
        "product_price": "5005",
        "product_crtdate": "2022-10-30 14:14:22",
        "product_update": "2022-10-30 14:14:22"
    },
    {
        "product_id": "f4IrCJLqoQ6kWGxVBePX",
        "product_name": "Robot Product-พึ่งเพิ่มนะ",
        "product_price": "4500",
        "product_crtdate": "2022-10-30 14:13:26",
        "product_update": "2022-10-30 14:13:26"
    },
    {
        "product_id": "08jntXqol2aTQAUsFrOu",
        "product_name": "Robot Product-พึ่งเพิ่มนะ",
        "product_price": "4500",
        "product_crtdate": "2022-10-30 14:13:01",
        "product_update": "2022-10-30 14:13:01"
    },
    {
        "product_id": "8FHdDvf29SapYzUqhZrt",
        "product_name": "Robot's Demo01.",
        "product_price": "5005",
        "product_crtdate": "2022-10-30 14:12:46",
        "product_update": "2022-10-30 14:12:46"
    },
    {
        "product_id": "B9xbh1kEDV8XeGvIAu7M",
        "product_name": "Robot's Demo.",
        "product_price": "5505",
        "product_crtdate": "2022-10-30 14:11:13",
        "product_update": "2022-10-30 14:11:13"
    },
    {
        "product_id": "g4vbDlqzaCXJnch6mxyt",
        "product_name": "Robot Product-พึ่งเพิ่มนะ",
        "product_price": "4500",
        "product_crtdate": "2022-10-30 14:10:56",
        "product_update": "2022-10-30 14:10:56"
    },
    {
        "product_id": "JepPAuv2NOhZYmUi17Mq",
        "product_name": "Robot's Demo.",
        "product_price": "5505",
        "product_crtdate": "2022-10-30 14:09:14",
        "product_update": "2022-10-30 14:09:14"
    },
    {
        "product_id": "4slncNfXZqdmHrFbwYQa",
        "product_name": "Robot's Ja Create",
        "product_price": "555",
        "product_crtdate": "2022-10-30 14:08:57",
        "product_update": "2022-10-30 14:08:57"
    },
    {
        "product_id": "AKRszCtDLJg72OVa0yMq",
        "product_name": "Robot's Ja test",
        "product_price": "555",
        "product_crtdate": "2022-10-30 14:07:28",
        "product_update": "2022-10-30 14:07:28"
    },
    {
        "product_id": "fJLtHmlAkKEdjhN7Vo91",
        "product_name": "Robot's Ja test",
        "product_price": "555",
        "product_crtdate": "2022-10-30 14:06:34",
        "product_update": "2022-10-30 14:06:34"
    },
    {
        "product_id": "CGRjuKfxM2oZ3cbDV965",
        "product_name": "Robot Product :ใหม่",
        "product_price": "4500",
        "product_crtdate": "2022-10-30 14:04:59",
        "product_update": "2022-10-30 14:04:59"
    },
    {
        "product_id": "ac8se41KGJB56xYmR2Zp",
        "product_name": "Robot's Jame test",
        "product_price": "555",
        "product_crtdate": "2022-10-30 14:04:01",
        "product_update": "2022-10-30 14:04:01"
    },
    {
        "product_id": "lRKXLeyEYsxVZST4Jkji",
        "product_name": "Robot Product-พึ่งเพิ่มนะ",
        "product_price": "4500",
        "product_crtdate": "2022-10-30 14:03:57",
        "product_update": "2022-10-30 14:03:57"
    },
    {
        "product_id": "5UoVkvzhmL4fTWbKE2Jx",
        "product_name": "Robot's Jame.",
        "product_price": "555",
        "product_crtdate": "2022-10-30 14:03:16",
        "product_update": "2022-10-30 14:03:16"
    },
    {
        "product_id": "QsownDWgXC5aekF4jLpc",
        "product_name": "DIOR",
        "product_price": "15000",
        "product_crtdate": "2022-10-30 14:00:12",
        "product_update": "2022-10-30 14:03:57"
    },
    {
        "product_id": "1awDJoB9S3irAjUv0PkH",
        "product_name": "Robot's Demo.",
        "product_price": "5505",
        "product_crtdate": "2022-10-30 13:54:25",
        "product_update": "2022-10-30 13:54:25"
    },
    {
        "product_id": "PTIhzg2m9FjB5ykpVbS4",
        "product_name": "Robot's Jame test",
        "product_price": "555",
        "product_crtdate": "2022-10-30 13:48:05",
        "product_update": "2022-10-30 13:48:05"
    },
    {
        "product_id": "28I5Wdf4cUeuEhDLksbY",
        "product_name": "Robot's Jame.",
        "product_price": "555",
        "product_crtdate": "2022-10-30 13:46:41",
        "product_update": "2022-10-30 13:46:41"
    },
    {
        "product_id": "82n5js4V1Xlu97SgC6Uy",
        "product_name": "Robot's Jame.",
        "product_price": "555",
        "product_crtdate": "2022-10-30 13:45:09",
        "product_update": "2022-10-30 13:45:09"
    },
    {
        "product_id": "3sZQSPUlwEkuCnvVeDOY",
        "product_name": "Robot Product-ใหม่",
        "product_price": "40500",
        "product_crtdate": "2022-10-30 13:32:35",
        "product_update": "2022-10-30 14:07:04"
    },
    {
        "product_id": "VqTpUYME7tOPR8g5jaHN",
        "product_name": "Robot's Jame-2.",
        "product_price": "555",
        "product_crtdate": "2022-10-30 13:31:39",
        "product_update": "2022-10-30 13:31:39"
    },
    {
        "product_id": "FyjIxTdZJtciqPQVMze4",
        "product_name": "Robot Product",
        "product_price": "4500",
        "product_crtdate": "2022-10-30 13:12:41",
        "product_update": "2022-10-30 13:12:41"
    }
]</msg>
<status status="PASS" starttime="20221030 15:35:29.134" endtime="20221030 15:35:29.225"/>
</kw>
<status status="PASS" starttime="20221030 15:35:29.081" endtime="20221030 15:35:29.225"/>
</test>
<test id="s1-t5" name="TC05 GET existing log ,ลบสินค้า" line="32">
<kw name="GET" library="REST">
<arg>/delete.php?id=snmEDdVQ0cpILkgjuhFR</arg>
<tag>http</tag>
<doc>*Sends a GET request to the endpoint.*</doc>
<status status="PASS" starttime="20221030 15:35:29.227" endtime="20221030 15:35:29.298"/>
</kw>
<kw name="Integer" library="REST">
<arg>response status</arg>
<arg>200</arg>
<tag>assertions</tag>
<doc>*Asserts the field as JSON integer.*</doc>
<status status="PASS" starttime="20221030 15:35:29.299" endtime="20221030 15:35:29.300"/>
</kw>
<kw name="Output" library="REST" type="TEARDOWN">
<arg>response body</arg>
<tag>I/O</tag>
<doc>*Outputs JSON to terminal or a file.*</doc>
<msg timestamp="20221030 15:35:29.301" level="INFO">
{
    "status": "Success",
    "message": "Delete Successfully"
}</msg>
<status status="PASS" starttime="20221030 15:35:29.301" endtime="20221030 15:35:29.302"/>
</kw>
<status status="PASS" starttime="20221030 15:35:29.226" endtime="20221030 15:35:29.302"/>
</test>
<test id="s1-t6" name="TC06 GET existing log ,ลบสินค้าแบบไม่ผ่าน" line="38">
<kw name="GET" library="REST">
<arg>/delete.php?id=KQ4PxdRvBf6bjeXDUl</arg>
<tag>http</tag>
<doc>*Sends a GET request to the endpoint.*</doc>
<status status="PASS" starttime="20221030 15:35:29.304" endtime="20221030 15:35:29.319"/>
</kw>
<kw name="Integer" library="REST">
<arg>response status</arg>
<arg>204</arg>
<tag>assertions</tag>
<doc>*Asserts the field as JSON integer.*</doc>
<status status="PASS" starttime="20221030 15:35:29.319" endtime="20221030 15:35:29.321"/>
</kw>
<kw name="Output" library="REST" type="TEARDOWN">
<arg>response body</arg>
<arg>${OUTPUTDIR}/responseDeleteFail.json</arg>
<tag>I/O</tag>
<doc>*Outputs JSON to terminal or a file.*</doc>
<msg timestamp="20221030 15:35:29.322" level="INFO">
""</msg>
<status status="PASS" starttime="20221030 15:35:29.321" endtime="20221030 15:35:29.323"/>
</kw>
<status status="PASS" starttime="20221030 15:35:29.303" endtime="20221030 15:35:29.323"/>
</test>
<doc>ทดสอบการทํางานของ API</doc>
<status status="PASS" starttime="20221030 15:35:28.408" endtime="20221030 15:35:29.324"/>
</suite>
<statistics>
<total>
<stat pass="6" fail="0" skip="0">All Tests</stat>
</total>
<tag>
</tag>
<suite>
<stat pass="6" fail="0" skip="0" id="s1" name="Backend">Backend</stat>
</suite>
</statistics>
<errors>
</errors>
</robot>
