<?xml version="1.0" encoding="UTF-8"?>
<robot generator="Robot 6.0 (Python 3.10.8 on win32)" generated="20221210 11:55:28.868" rpa="false" schemaversion="3">
<suite id="s1" name="Frontend Test" source="D:\WE669\calculator\HW\3-Fontend\frontend_test.robot">
<test id="s1-t1" name="TC01 ทดสอบการเข้าสู่ระบบ" line="17">
<kw name="เปิด browser ด้วย chrome">
<kw name="Open Browser" library="SeleniumLibrary">
<arg>http://hrc.idtesting.work/api/product.php</arg>
<arg>chrome</arg>
<doc>Opens a new browser instance to the optional ``url``.</doc>
<msg timestamp="20221210 11:55:30.882" level="INFO">Opening browser 'chrome' to base url 'http://hrc.idtesting.work/api/product.php'.</msg>
<status status="PASS" starttime="20221210 11:55:30.865" endtime="20221210 11:55:38.779"/>
</kw>
<kw name="Maximize Browser Window" library="SeleniumLibrary">
<doc>Maximizes current browser window.</doc>
<status status="PASS" starttime="20221210 11:55:38.779" endtime="20221210 11:55:38.903"/>
</kw>
<status status="PASS" starttime="20221210 11:55:30.865" endtime="20221210 11:55:38.903"/>
</kw>
<kw name="Input Text" library="SeleniumLibrary">
<arg>user_form</arg>
<arg>645159090011</arg>
<doc>Types the given ``text`` into the text field identified by ``locator``.</doc>
<msg timestamp="20221210 11:55:38.904" level="INFO">Typing text '645159090011' into text field 'user_form'.</msg>
<status status="PASS" starttime="20221210 11:55:38.904" endtime="20221210 11:55:39.043"/>
</kw>
<kw name="Click Button" library="SeleniumLibrary">
<arg>id=submitlogin</arg>
<doc>Clicks the button identified by ``locator``.</doc>
<msg timestamp="20221210 11:55:39.044" level="INFO">Clicking button 'id=submitlogin'.</msg>
<status status="PASS" starttime="20221210 11:55:39.044" endtime="20221210 11:55:39.522"/>
</kw>
<kw name="Wait Until Page Contains" library="SeleniumLibrary">
<arg>รหัสสินค้า</arg>
<doc>Waits until ``text`` appears on the current page.</doc>
<status status="PASS" starttime="20221210 11:55:39.522" endtime="20221210 11:55:39.613"/>
</kw>
<kw name="Close Browser" library="SeleniumLibrary" type="TEARDOWN">
<doc>Closes the current browser.</doc>
<status status="PASS" starttime="20221210 11:55:39.614" endtime="20221210 11:55:41.850"/>
</kw>
<status status="PASS" starttime="20221210 11:55:30.864" endtime="20221210 11:55:41.851"/>
</test>
<test id="s1-t2" name="TC02 เพิ่มสินค้า" line="24">
<kw name="เปิด browser ด้วย chrome">
<kw name="Open Browser" library="SeleniumLibrary">
<arg>http://hrc.idtesting.work/api/product.php</arg>
<arg>chrome</arg>
<doc>Opens a new browser instance to the optional ``url``.</doc>
<msg timestamp="20221210 11:55:41.863" level="INFO">Opening browser 'chrome' to base url 'http://hrc.idtesting.work/api/product.php'.</msg>
<status status="PASS" starttime="20221210 11:55:41.861" endtime="20221210 11:55:45.531"/>
</kw>
<kw name="Maximize Browser Window" library="SeleniumLibrary">
<doc>Maximizes current browser window.</doc>
<status status="PASS" starttime="20221210 11:55:45.531" endtime="20221210 11:55:45.645"/>
</kw>
<status status="PASS" starttime="20221210 11:55:41.860" endtime="20221210 11:55:45.645"/>
</kw>
<kw name="Login Default">
<kw name="Input Text" library="SeleniumLibrary">
<arg>user_form</arg>
<arg>645159090011</arg>
<doc>Types the given ``text`` into the text field identified by ``locator``.</doc>
<msg timestamp="20221210 11:55:45.646" level="INFO">Typing text '645159090011' into text field 'user_form'.</msg>
<status status="PASS" starttime="20221210 11:55:45.646" endtime="20221210 11:55:45.759"/>
</kw>
<kw name="Click Button" library="SeleniumLibrary">
<arg>id=submitlogin</arg>
<doc>Clicks the button identified by ``locator``.</doc>
<msg timestamp="20221210 11:55:45.760" level="INFO">Clicking button 'id=submitlogin'.</msg>
<status status="PASS" starttime="20221210 11:55:45.759" endtime="20221210 11:55:46.259"/>
</kw>
<status status="PASS" starttime="20221210 11:55:45.646" endtime="20221210 11:55:46.259"/>
</kw>
<kw name="Input Text" library="SeleniumLibrary">
<arg>product_name</arg>
<arg>กระเป๋า</arg>
<doc>Types the given ``text`` into the text field identified by ``locator``.</doc>
<msg timestamp="20221210 11:55:46.260" level="INFO">Typing text 'กระเป๋า' into text field 'product_name'.</msg>
<status status="PASS" starttime="20221210 11:55:46.260" endtime="20221210 11:55:46.354"/>
</kw>
<kw name="Input Text" library="SeleniumLibrary">
<arg>product_price</arg>
<arg>2000</arg>
<doc>Types the given ``text`` into the text field identified by ``locator``.</doc>
<msg timestamp="20221210 11:55:46.355" level="INFO">Typing text '2000' into text field 'product_price'.</msg>
<status status="PASS" starttime="20221210 11:55:46.355" endtime="20221210 11:55:46.438"/>
</kw>
<kw name="Click Button" library="SeleniumLibrary">
<arg>id=submitform</arg>
<doc>Clicks the button identified by ``locator``.</doc>
<msg timestamp="20221210 11:55:46.439" level="INFO">Clicking button 'id=submitform'.</msg>
<status status="PASS" starttime="20221210 11:55:46.438" endtime="20221210 11:55:46.667"/>
</kw>
<kw name="Wait Until Page Contains" library="SeleniumLibrary">
<arg>รายการสินค้า</arg>
<doc>Waits until ``text`` appears on the current page.</doc>
<status status="PASS" starttime="20221210 11:55:46.668" endtime="20221210 11:55:46.684"/>
</kw>
<kw name="Capture Page Screenshot" library="SeleniumLibrary">
<doc>Takes a screenshot of the current page and embeds it into a log file.</doc>
<msg timestamp="20221210 11:55:46.836" level="INFO" html="true">&lt;/td&gt;&lt;/tr&gt;&lt;tr&gt;&lt;td colspan="3"&gt;&lt;a href="selenium-screenshot-1.png"&gt;&lt;img src="selenium-screenshot-1.png" width="800px"&gt;&lt;/a&gt;</msg>
<status status="PASS" starttime="20221210 11:55:46.685" endtime="20221210 11:55:46.836"/>
</kw>
<kw name="Close Browser" library="SeleniumLibrary" type="TEARDOWN">
<doc>Closes the current browser.</doc>
<status status="PASS" starttime="20221210 11:55:46.837" endtime="20221210 11:55:49.002"/>
</kw>
<status status="PASS" starttime="20221210 11:55:41.856" endtime="20221210 11:55:49.004"/>
</test>
<test id="s1-t3" name="TC03 แก้ไขสินค้า" line="34">
<kw name="เปิด browser ด้วย chrome">
<kw name="Open Browser" library="SeleniumLibrary">
<arg>http://hrc.idtesting.work/api/product.php</arg>
<arg>chrome</arg>
<doc>Opens a new browser instance to the optional ``url``.</doc>
<msg timestamp="20221210 11:55:49.015" level="INFO">Opening browser 'chrome' to base url 'http://hrc.idtesting.work/api/product.php'.</msg>
<status status="PASS" starttime="20221210 11:55:49.014" endtime="20221210 11:55:52.252"/>
</kw>
<kw name="Maximize Browser Window" library="SeleniumLibrary">
<doc>Maximizes current browser window.</doc>
<status status="PASS" starttime="20221210 11:55:52.252" endtime="20221210 11:55:52.365"/>
</kw>
<status status="PASS" starttime="20221210 11:55:49.012" endtime="20221210 11:55:52.366"/>
</kw>
<kw name="Login Default">
<kw name="Input Text" library="SeleniumLibrary">
<arg>user_form</arg>
<arg>645159090011</arg>
<doc>Types the given ``text`` into the text field identified by ``locator``.</doc>
<msg timestamp="20221210 11:55:52.367" level="INFO">Typing text '645159090011' into text field 'user_form'.</msg>
<status status="PASS" starttime="20221210 11:55:52.366" endtime="20221210 11:55:52.475"/>
</kw>
<kw name="Click Button" library="SeleniumLibrary">
<arg>id=submitlogin</arg>
<doc>Clicks the button identified by ``locator``.</doc>
<msg timestamp="20221210 11:55:52.476" level="INFO">Clicking button 'id=submitlogin'.</msg>
<status status="PASS" starttime="20221210 11:55:52.476" endtime="20221210 11:55:52.659"/>
</kw>
<status status="PASS" starttime="20221210 11:55:52.366" endtime="20221210 11:55:52.660"/>
</kw>
<kw name="Click Link" library="SeleniumLibrary">
<arg>id=edit-1</arg>
<doc>Clicks a link identified by ``locator``.</doc>
<msg timestamp="20221210 11:55:52.661" level="INFO">Clicking link 'id=edit-1'.</msg>
<status status="PASS" starttime="20221210 11:55:52.660" endtime="20221210 11:55:52.803"/>
</kw>
<kw name="Capture Page Screenshot" library="SeleniumLibrary">
<doc>Takes a screenshot of the current page and embeds it into a log file.</doc>
<msg timestamp="20221210 11:55:52.988" level="INFO" html="true">&lt;/td&gt;&lt;/tr&gt;&lt;tr&gt;&lt;td colspan="3"&gt;&lt;a href="selenium-screenshot-2.png"&gt;&lt;img src="selenium-screenshot-2.png" width="800px"&gt;&lt;/a&gt;</msg>
<status status="PASS" starttime="20221210 11:55:52.803" endtime="20221210 11:55:52.988"/>
</kw>
<kw name="Input Text" library="SeleniumLibrary">
<arg>product_name</arg>
<arg>กระเป๋าหนัง</arg>
<doc>Types the given ``text`` into the text field identified by ``locator``.</doc>
<msg timestamp="20221210 11:55:52.989" level="INFO">Typing text 'กระเป๋าหนัง' into text field 'product_name'.</msg>
<status status="PASS" starttime="20221210 11:55:52.989" endtime="20221210 11:55:53.084"/>
</kw>
<kw name="Input Text" library="SeleniumLibrary">
<arg>product_price</arg>
<arg>1000</arg>
<doc>Types the given ``text`` into the text field identified by ``locator``.</doc>
<msg timestamp="20221210 11:55:53.086" level="INFO">Typing text '1000' into text field 'product_price'.</msg>
<status status="PASS" starttime="20221210 11:55:53.085" endtime="20221210 11:55:53.172"/>
</kw>
<kw name="Click Button" library="SeleniumLibrary">
<arg>id=submitform</arg>
<doc>Clicks the button identified by ``locator``.</doc>
<msg timestamp="20221210 11:55:53.173" level="INFO">Clicking button 'id=submitform'.</msg>
<status status="PASS" starttime="20221210 11:55:53.172" endtime="20221210 11:55:53.373"/>
</kw>
<kw name="Wait Until Page Contains" library="SeleniumLibrary">
<arg>จัดการสินค้าของคุณ</arg>
<doc>Waits until ``text`` appears on the current page.</doc>
<status status="PASS" starttime="20221210 11:55:53.374" endtime="20221210 11:55:53.400"/>
</kw>
<kw name="Capture Page Screenshot" library="SeleniumLibrary">
<doc>Takes a screenshot of the current page and embeds it into a log file.</doc>
<msg timestamp="20221210 11:55:53.608" level="INFO" html="true">&lt;/td&gt;&lt;/tr&gt;&lt;tr&gt;&lt;td colspan="3"&gt;&lt;a href="selenium-screenshot-3.png"&gt;&lt;img src="selenium-screenshot-3.png" width="800px"&gt;&lt;/a&gt;</msg>
<status status="PASS" starttime="20221210 11:55:53.400" endtime="20221210 11:55:53.608"/>
</kw>
<kw name="Close Browser" library="SeleniumLibrary" type="TEARDOWN">
<doc>Closes the current browser.</doc>
<status status="PASS" starttime="20221210 11:55:53.609" endtime="20221210 11:55:55.795"/>
</kw>
<status status="PASS" starttime="20221210 11:55:49.009" endtime="20221210 11:55:55.796"/>
</test>
<test id="s1-t4" name="TC04 ยืนยันและลบสินค้า" line="46">
<kw name="เปิด browser ด้วย chrome">
<kw name="Open Browser" library="SeleniumLibrary">
<arg>http://hrc.idtesting.work/api/product.php</arg>
<arg>chrome</arg>
<doc>Opens a new browser instance to the optional ``url``.</doc>
<msg timestamp="20221210 11:55:55.808" level="INFO">Opening browser 'chrome' to base url 'http://hrc.idtesting.work/api/product.php'.</msg>
<status status="PASS" starttime="20221210 11:55:55.806" endtime="20221210 11:55:59.113"/>
</kw>
<kw name="Maximize Browser Window" library="SeleniumLibrary">
<doc>Maximizes current browser window.</doc>
<status status="PASS" starttime="20221210 11:55:59.113" endtime="20221210 11:55:59.238"/>
</kw>
<status status="PASS" starttime="20221210 11:55:55.805" endtime="20221210 11:55:59.238"/>
</kw>
<kw name="Login Default">
<kw name="Input Text" library="SeleniumLibrary">
<arg>user_form</arg>
<arg>645159090011</arg>
<doc>Types the given ``text`` into the text field identified by ``locator``.</doc>
<msg timestamp="20221210 11:55:59.239" level="INFO">Typing text '645159090011' into text field 'user_form'.</msg>
<status status="PASS" starttime="20221210 11:55:59.239" endtime="20221210 11:55:59.349"/>
</kw>
<kw name="Click Button" library="SeleniumLibrary">
<arg>id=submitlogin</arg>
<doc>Clicks the button identified by ``locator``.</doc>
<msg timestamp="20221210 11:55:59.350" level="INFO">Clicking button 'id=submitlogin'.</msg>
<status status="PASS" starttime="20221210 11:55:59.349" endtime="20221210 11:55:59.514"/>
</kw>
<status status="PASS" starttime="20221210 11:55:59.238" endtime="20221210 11:55:59.514"/>
</kw>
<kw name="Click Element" library="SeleniumLibrary">
<arg>id=del-1</arg>
<doc>Click the element identified by ``locator``.</doc>
<msg timestamp="20221210 11:55:59.516" level="INFO">Clicking element 'id=del-1'.</msg>
<status status="PASS" starttime="20221210 11:55:59.515" endtime="20221210 11:55:59.845"/>
</kw>
<kw name="Handle Alert" library="SeleniumLibrary">
<arg>action=ACCEPT</arg>
<doc>Handles the current alert and returns its message.</doc>
<msg timestamp="20221210 11:55:59.846" level="INFO">HANDLE::&lt;class 'NoneType'&gt;::None</msg>
<status status="PASS" starttime="20221210 11:55:59.845" endtime="20221210 11:55:59.852"/>
</kw>
<kw name="Wait Until Page Contains" library="SeleniumLibrary">
<arg>จัดการสินค้าของคุณ</arg>
<doc>Waits until ``text`` appears on the current page.</doc>
<status status="PASS" starttime="20221210 11:55:59.853" endtime="20221210 11:56:00.064"/>
</kw>
<kw name="Close Browser" library="SeleniumLibrary" type="TEARDOWN">
<doc>Closes the current browser.</doc>
<status status="PASS" starttime="20221210 11:56:00.065" endtime="20221210 11:56:02.214"/>
</kw>
<status status="PASS" starttime="20221210 11:55:55.800" endtime="20221210 11:56:02.216"/>
</test>
<test id="s1-t5" name="TC05 กดปุ่มลบ และยกเลิกการลบสินค้า" line="54">
<kw name="เปิด browser ด้วย chrome">
<kw name="Open Browser" library="SeleniumLibrary">
<arg>http://hrc.idtesting.work/api/product.php</arg>
<arg>chrome</arg>
<doc>Opens a new browser instance to the optional ``url``.</doc>
<msg timestamp="20221210 11:56:02.231" level="INFO">Opening browser 'chrome' to base url 'http://hrc.idtesting.work/api/product.php'.</msg>
<status status="PASS" starttime="20221210 11:56:02.229" endtime="20221210 11:56:05.184"/>
</kw>
<kw name="Maximize Browser Window" library="SeleniumLibrary">
<doc>Maximizes current browser window.</doc>
<status status="PASS" starttime="20221210 11:56:05.184" endtime="20221210 11:56:05.309"/>
</kw>
<status status="PASS" starttime="20221210 11:56:02.227" endtime="20221210 11:56:05.310"/>
</kw>
<kw name="Login Default">
<kw name="Input Text" library="SeleniumLibrary">
<arg>user_form</arg>
<arg>645159090011</arg>
<doc>Types the given ``text`` into the text field identified by ``locator``.</doc>
<msg timestamp="20221210 11:56:05.311" level="INFO">Typing text '645159090011' into text field 'user_form'.</msg>
<status status="PASS" starttime="20221210 11:56:05.310" endtime="20221210 11:56:05.426"/>
</kw>
<kw name="Click Button" library="SeleniumLibrary">
<arg>id=submitlogin</arg>
<doc>Clicks the button identified by ``locator``.</doc>
<msg timestamp="20221210 11:56:05.426" level="INFO">Clicking button 'id=submitlogin'.</msg>
<status status="PASS" starttime="20221210 11:56:05.426" endtime="20221210 11:56:05.709"/>
</kw>
<status status="PASS" starttime="20221210 11:56:05.310" endtime="20221210 11:56:05.709"/>
</kw>
<kw name="Click Element" library="SeleniumLibrary">
<arg>id=del-1</arg>
<doc>Click the element identified by ``locator``.</doc>
<msg timestamp="20221210 11:56:05.711" level="INFO">Clicking element 'id=del-1'.</msg>
<status status="PASS" starttime="20221210 11:56:05.710" endtime="20221210 11:56:05.798"/>
</kw>
<kw name="Handle Alert" library="SeleniumLibrary">
<arg>action=DISMISS</arg>
<doc>Handles the current alert and returns its message.</doc>
<msg timestamp="20221210 11:56:05.800" level="INFO">HANDLE::&lt;class 'NoneType'&gt;::None</msg>
<status status="PASS" starttime="20221210 11:56:05.799" endtime="20221210 11:56:05.805"/>
</kw>
<kw name="Wait Until Page Contains" library="SeleniumLibrary">
<arg>จัดการสินค้าของคุณ</arg>
<doc>Waits until ``text`` appears on the current page.</doc>
<status status="PASS" starttime="20221210 11:56:05.806" endtime="20221210 11:56:05.822"/>
</kw>
<kw name="Close Browser" library="SeleniumLibrary" type="TEARDOWN">
<doc>Closes the current browser.</doc>
<status status="PASS" starttime="20221210 11:56:05.822" endtime="20221210 11:56:07.994"/>
</kw>
<status status="PASS" starttime="20221210 11:56:02.220" endtime="20221210 11:56:07.995"/>
</test>
<status status="PASS" starttime="20221210 11:55:28.870" endtime="20221210 11:56:08.001"/>
</suite>
<statistics>
<total>
<stat pass="5" fail="0" skip="0">All Tests</stat>
</total>
<tag>
</tag>
<suite>
<stat pass="5" fail="0" skip="0" id="s1" name="Frontend Test">Frontend Test</stat>
</suite>
</statistics>
<errors>
</errors>
</robot>
